# JRE version: Java(TM) SE Runtime Environment (8.0_121-b13) (build 1.8.0_121-b13)
# Java VM: Java HotSpot(TM) 64-Bit Server VM (25.121-b13 mixed mode windows-amd64 compressed oops)
Heap:
 PSYoungGen      total 182272K, used 25952K [0x00000000eb000000, 0x00000000fbd80000, 0x0000000100000000)
  eden space 151040K, 17% used [0x00000000eb000000,0x00000000ec9583d0,0x00000000f4380000)
  from space 31232K, 0% used [0x00000000f4380000,0x00000000f4380000,0x00000000f6200000)
  to   space 31232K, 0% used [0x00000000f9f00000,0x00000000f9f00000,0x00000000fbd80000)
 ParOldGen       total 88064K, used 43542K [0x00000000c1000000, 0x00000000c6600000, 0x00000000eb000000)
  object space 88064K, 49% used [0x00000000c1000000,0x00000000c3a85b98,0x00000000c6600000)
 Metaspace       used 51292K, capacity 52184K, committed 52608K, reserved 1095680K
  class space    used 6447K, capacity 6721K, committed 6784K, reserved 1048576K
GC Heap History (10 events):
Event: 47.161 GC heap before
{Heap before GC invocations=14 (full 1):
 PSYoungGen      total 121856K, used 121835K [0x00000000eb000000, 0x00000000f4a00000, 0x0000000100000000)
  eden space 104960K, 100% used [0x00000000eb000000,0x00000000f1680000,0x00000000f1680000)
  from space 16896K, 99% used [0x00000000f2b80000,0x00000000f3bfae98,0x00000000f3c00000)
  to   space 21504K, 0% used [0x00000000f1680000,0x00000000f1680000,0x00000000f2b80000)
 ParOldGen       total 46592K, used 29482K [0x00000000c1000000, 0x00000000c3d80000, 0x00000000eb000000)
  object space 46592K, 63% used [0x00000000c1000000,0x00000000c2cca858,0x00000000c3d80000)
 Metaspace       used 29024K, capacity 29796K, committed 29824K, reserved 1075200K
  class space    used 3440K, capacity 3684K, committed 3712K, reserved 1048576K
Event: 47.251 GC heap after
Heap after GC invocations=14 (full 1):
 PSYoungGen      total 126464K, used 21477K [0x00000000eb000000, 0x00000000f7e80000, 0x0000000100000000)
  eden space 104960K, 0% used [0x00000000eb000000,0x00000000eb000000,0x00000000f1680000)
  from space 21504K, 99% used [0x00000000f1680000,0x00000000f2b79498,0x00000000f2b80000)
  to   space 28672K, 0% used [0x00000000f6280000,0x00000000f6280000,0x00000000f7e80000)
 ParOldGen       total 46592K, used 40029K [0x00000000c1000000, 0x00000000c3d80000, 0x00000000eb000000)
  object space 46592K, 85% used [0x00000000c1000000,0x00000000c37176d0,0x00000000c3d80000)
 Metaspace       used 29024K, capacity 29796K, committed 29824K, reserved 1075200K
  class space    used 3440K, capacity 3684K, committed 3712K, reserved 1048576K
}
Event: 47.251 GC heap before
{Heap before GC invocations=15 (full 2):
 PSYoungGen      total 126464K, used 21477K [0x00000000eb000000, 0x00000000f7e80000, 0x0000000100000000)
  eden space 104960K, 0% used [0x00000000eb000000,0x00000000eb000000,0x00000000f1680000)
  from space 21504K, 99% used [0x00000000f1680000,0x00000000f2b79498,0x00000000f2b80000)
  to   space 28672K, 0% used [0x00000000f6280000,0x00000000f6280000,0x00000000f7e80000)
 ParOldGen       total 46592K, used 40029K [0x00000000c1000000, 0x00000000c3d80000, 0x00000000eb000000)
  object space 46592K, 85% used [0x00000000c1000000,0x00000000c37176d0,0x00000000c3d80000)
 Metaspace       used 29024K, capacity 29796K, committed 29824K, reserved 1075200K
  class space    used 3440K, capacity 3684K, committed 3712K, reserved 1048576K
Event: 47.627 GC heap after
Heap after GC invocations=15 (full 2):
 PSYoungGen      total 126464K, used 6898K [0x00000000eb000000, 0x00000000f7e80000, 0x0000000100000000)
  eden space 104960K, 0% used [0x00000000eb000000,0x00000000eb000000,0x00000000f1680000)
  from space 21504K, 32% used [0x00000000f1680000,0x00000000f1d3c890,0x00000000f2b80000)
  to   space 28672K, 0% used [0x00000000f6280000,0x00000000f6280000,0x00000000f7e80000)
 ParOldGen       total 84992K, used 46321K [0x00000000c1000000, 0x00000000c6300000, 0x00000000eb000000)
  object space 84992K, 54% used [0x00000000c1000000,0x00000000c3d3c540,0x00000000c6300000)
 Metaspace       used 29024K, capacity 29796K, committed 29824K, reserved 1075200K
  class space    used 3440K, capacity 3684K, committed 3712K, reserved 1048576K
}
Event: 52.460 GC heap before
{Heap before GC invocations=16 (full 2):
 PSYoungGen      total 126464K, used 111858K [0x00000000eb000000, 0x00000000f7e80000, 0x0000000100000000)
  eden space 104960K, 100% used [0x00000000eb000000,0x00000000f1680000,0x00000000f1680000)
  from space 21504K, 32% used [0x00000000f1680000,0x00000000f1d3c890,0x00000000f2b80000)
  to   space 28672K, 0% used [0x00000000f6280000,0x00000000f6280000,0x00000000f7e80000)
 ParOldGen       total 84992K, used 46321K [0x00000000c1000000, 0x00000000c6300000, 0x00000000eb000000)
  object space 84992K, 54% used [0x00000000c1000000,0x00000000c3d3c540,0x00000000c6300000)
 Metaspace       used 33148K, capacity 33944K, committed 34304K, reserved 1079296K
  class space    used 3986K, capacity 4229K, committed 4352K, reserved 1048576K
Event: 52.513 GC heap after
Heap after GC invocations=16 (full 2):
 PSYoungGen      total 179712K, used 23840K [0x00000000eb000000, 0x00000000f8080000, 0x0000000100000000)
  eden space 151040K, 0% used [0x00000000eb000000,0x00000000eb000000,0x00000000f4380000)
  from space 28672K, 83% used [0x00000000f6280000,0x00000000f79c83e8,0x00000000f7e80000)
  to   space 31232K, 0% used [0x00000000f4380000,0x00000000f4380000,0x00000000f6200000)
 ParOldGen       total 84992K, used 47977K [0x00000000c1000000, 0x00000000c6300000, 0x00000000eb000000)
  object space 84992K, 56% used [0x00000000c1000000,0x00000000c3eda638,0x00000000c6300000)
 Metaspace       used 33148K, capacity 33944K, committed 34304K, reserved 1079296K
  class space    used 3986K, capacity 4229K, committed 4352K, reserved 1048576K
}
Event: 57.230 GC heap before
{Heap before GC invocations=17 (full 2):
 PSYoungGen      total 179712K, used 153923K [0x00000000eb000000, 0x00000000f8080000, 0x0000000100000000)
  eden space 151040K, 86% used [0x00000000eb000000,0x00000000f2f08b20,0x00000000f4380000)
  from space 28672K, 83% used [0x00000000f6280000,0x00000000f79c83e8,0x00000000f7e80000)
  to   space 31232K, 0% used [0x00000000f4380000,0x00000000f4380000,0x00000000f6200000)
 ParOldGen       total 84992K, used 47977K [0x00000000c1000000, 0x00000000c6300000, 0x00000000eb000000)
  object space 84992K, 56% used [0x00000000c1000000,0x00000000c3eda638,0x00000000c6300000)
 Metaspace       used 48617K, capacity 49460K, committed 49664K, reserved 1093632K
  class space    used 6095K, capacity 6367K, committed 6400K, reserved 1048576K
Event: 57.263 GC heap after
Heap after GC invocations=17 (full 2):
 PSYoungGen      total 182272K, used 17776K [0x00000000eb000000, 0x00000000fbd80000, 0x0000000100000000)
  eden space 151040K, 0% used [0x00000000eb000000,0x00000000eb000000,0x00000000f4380000)
  from space 31232K, 56% used [0x00000000f4380000,0x00000000f54dc0e0,0x00000000f6200000)
  to   space 31232K, 0% used [0x00000000f9f00000,0x00000000f9f00000,0x00000000fbd80000)
 ParOldGen       total 84992K, used 50287K [0x00000000c1000000, 0x00000000c6300000, 0x00000000eb000000)
  object space 84992K, 59% used [0x00000000c1000000,0x00000000c411bc50,0x00000000c6300000)
 Metaspace       used 48617K, capacity 49460K, committed 49664K, reserved 1093632K
  class space    used 6095K, capacity 6367K, committed 6400K, reserved 1048576K
}
Event: 57.263 GC heap before
{Heap before GC invocations=18 (full 3):
 PSYoungGen      total 182272K, used 17776K [0x00000000eb000000, 0x00000000fbd80000, 0x0000000100000000)
  eden space 151040K, 0% used [0x00000000eb000000,0x00000000eb000000,0x00000000f4380000)
  from space 31232K, 56% used [0x00000000f4380000,0x00000000f54dc0e0,0x00000000f6200000)
  to   space 31232K, 0% used [0x00000000f9f00000,0x00000000f9f00000,0x00000000fbd80000)
 ParOldGen       total 84992K, used 50287K [0x00000000c1000000, 0x00000000c6300000, 0x00000000eb000000)
  object space 84992K, 59% used [0x00000000c1000000,0x00000000c411bc50,0x00000000c6300000)
 Metaspace       used 48617K, capacity 49460K, committed 49664K, reserved 1093632K
  class space    used 6095K, capacity 6367K, committed 6400K, reserved 1048576K
Event: 57.605 GC heap after
Heap after GC invocations=18 (full 3):
 PSYoungGen      total 182272K, used 0K [0x00000000eb000000, 0x00000000fbd80000, 0x0000000100000000)
  eden space 151040K, 0% used [0x00000000eb000000,0x00000000eb000000,0x00000000f4380000)
  from space 31232K, 0% used [0x00000000f4380000,0x00000000f4380000,0x00000000f6200000)
  to   space 31232K, 0% used [0x00000000f9f00000,0x00000000f9f00000,0x00000000fbd80000)
 ParOldGen       total 88064K, used 43542K [0x00000000c1000000, 0x00000000c6600000, 0x00000000eb000000)
  object space 88064K, 49% used [0x00000000c1000000,0x00000000c3a85b98,0x00000000c6600000)
 Metaspace       used 48617K, capacity 49460K, committed 49664K, reserved 1093632K
  class space    used 6095K, capacity 6367K, committed 6400K, reserved 1048576K
}

