# JRE version: Java(TM) SE Runtime Environment (8.0_121-b13) (build 1.8.0_121-b13)
# Java VM: Java HotSpot(TM) 64-Bit Server VM (25.121-b13 mixed mode windows-amd64 compressed oops)
Heap:
 PSYoungGen      total 241664K, used 124720K [0x00000000eb000000, 0x00000000ffa80000, 0x0000000100000000)
  eden space 201728K, 61% used [0x00000000eb000000,0x00000000f29cc2e8,0x00000000f7500000)
  from space 39936K, 0% used [0x00000000f7500000,0x00000000f7500000,0x00000000f9c00000)
  to   space 37888K, 0% used [0x00000000fd580000,0x00000000fd580000,0x00000000ffa80000)
 ParOldGen       total 99328K, used 38242K [0x00000000c1000000, 0x00000000c7100000, 0x00000000eb000000)
  object space 99328K, 38% used [0x00000000c1000000,0x00000000c35589f8,0x00000000c7100000)
 Metaspace       used 62099K, capacity 63222K, committed 63616K, reserved 1105920K
  class space    used 7433K, capacity 7754K, committed 7808K, reserved 1048576K
GC Heap History (10 events):
Event: 20.627 GC heap before
{Heap before GC invocations=12 (full 1):
 PSYoungGen      total 171008K, used 171004K [0x00000000eb000000, 0x00000000f7d00000, 0x0000000100000000)
  eden space 156160K, 100% used [0x00000000eb000000,0x00000000f4880000,0x00000000f4880000)
  from space 14848K, 99% used [0x00000000f5e80000,0x00000000f6cff228,0x00000000f6d00000)
  to   space 22528K, 0% used [0x00000000f4880000,0x00000000f4880000,0x00000000f5e80000)
 ParOldGen       total 49664K, used 35639K [0x00000000c1000000, 0x00000000c4080000, 0x00000000eb000000)
  object space 49664K, 71% used [0x00000000c1000000,0x00000000c32cded0,0x00000000c4080000)
 Metaspace       used 29646K, capacity 30404K, committed 30720K, reserved 1077248K
  class space    used 3470K, capacity 3716K, committed 3840K, reserved 1048576K
Event: 20.767 GC heap after
Heap after GC invocations=12 (full 1):
 PSYoungGen      total 178688K, used 22516K [0x00000000eb000000, 0x00000000fc000000, 0x0000000100000000)
  eden space 156160K, 0% used [0x00000000eb000000,0x00000000eb000000,0x00000000f4880000)
  from space 22528K, 99% used [0x00000000f4880000,0x00000000f5e7d390,0x00000000f5e80000)
  to   space 36864K, 0% used [0x00000000f9c00000,0x00000000f9c00000,0x00000000fc000000)
 ParOldGen       total 64512K, used 64113K [0x00000000c1000000, 0x00000000c4f00000, 0x00000000eb000000)
  object space 64512K, 99% used [0x00000000c1000000,0x00000000c4e9c450,0x00000000c4f00000)
 Metaspace       used 29646K, capacity 30404K, committed 30720K, reserved 1077248K
  class space    used 3470K, capacity 3716K, committed 3840K, reserved 1048576K
}
Event: 20.767 GC heap before
{Heap before GC invocations=13 (full 2):
 PSYoungGen      total 178688K, used 22516K [0x00000000eb000000, 0x00000000fc000000, 0x0000000100000000)
  eden space 156160K, 0% used [0x00000000eb000000,0x00000000eb000000,0x00000000f4880000)
  from space 22528K, 99% used [0x00000000f4880000,0x00000000f5e7d390,0x00000000f5e80000)
  to   space 36864K, 0% used [0x00000000f9c00000,0x00000000f9c00000,0x00000000fc000000)
 ParOldGen       total 64512K, used 64113K [0x00000000c1000000, 0x00000000c4f00000, 0x00000000eb000000)
  object space 64512K, 99% used [0x00000000c1000000,0x00000000c4e9c450,0x00000000c4f00000)
 Metaspace       used 29646K, capacity 30404K, committed 30720K, reserved 1077248K
  class space    used 3470K, capacity 3716K, committed 3840K, reserved 1048576K
Event: 21.034 GC heap after
Heap after GC invocations=13 (full 2):
 PSYoungGen      total 178688K, used 0K [0x00000000eb000000, 0x00000000fc000000, 0x0000000100000000)
  eden space 156160K, 0% used [0x00000000eb000000,0x00000000eb000000,0x00000000f4880000)
  from space 22528K, 0% used [0x00000000f4880000,0x00000000f4880000,0x00000000f5e80000)
  to   space 36864K, 0% used [0x00000000f9c00000,0x00000000f9c00000,0x00000000fc000000)
 ParOldGen       total 116224K, used 63265K [0x00000000c1000000, 0x00000000c8180000, 0x00000000eb000000)
  object space 116224K, 54% used [0x00000000c1000000,0x00000000c4dc8640,0x00000000c8180000)
 Metaspace       used 29646K, capacity 30404K, committed 30720K, reserved 1077248K
  class space    used 3470K, capacity 3716K, committed 3840K, reserved 1048576K
}
Event: 24.938 GC heap before
{Heap before GC invocations=14 (full 2):
 PSYoungGen      total 178688K, used 156160K [0x00000000eb000000, 0x00000000fc000000, 0x0000000100000000)
  eden space 156160K, 100% used [0x00000000eb000000,0x00000000f4880000,0x00000000f4880000)
  from space 22528K, 0% used [0x00000000f4880000,0x00000000f4880000,0x00000000f5e80000)
  to   space 36864K, 0% used [0x00000000f9c00000,0x00000000f9c00000,0x00000000fc000000)
 ParOldGen       total 116224K, used 63265K [0x00000000c1000000, 0x00000000c8180000, 0x00000000eb000000)
  object space 116224K, 54% used [0x00000000c1000000,0x00000000c4dc8640,0x00000000c8180000)
 Metaspace       used 38791K, capacity 39612K, committed 39936K, reserved 1083392K
  class space    used 4761K, capacity 5003K, committed 5120K, reserved 1048576K
Event: 25.003 GC heap after
Heap after GC invocations=14 (full 2):
 PSYoungGen      total 238592K, used 29005K [0x00000000eb000000, 0x00000000fca80000, 0x0000000100000000)
  eden space 201728K, 0% used [0x00000000eb000000,0x00000000eb000000,0x00000000f7500000)
  from space 36864K, 78% used [0x00000000f9c00000,0x00000000fb8536d8,0x00000000fc000000)
  to   space 39936K, 0% used [0x00000000f7500000,0x00000000f7500000,0x00000000f9c00000)
 ParOldGen       total 116224K, used 63273K [0x00000000c1000000, 0x00000000c8180000, 0x00000000eb000000)
  object space 116224K, 54% used [0x00000000c1000000,0x00000000c4dca640,0x00000000c8180000)
 Metaspace       used 38791K, capacity 39612K, committed 39936K, reserved 1083392K
  class space    used 4761K, capacity 5003K, committed 5120K, reserved 1048576K
}
Event: 33.370 GC heap before
{Heap before GC invocations=15 (full 2):
 PSYoungGen      total 238592K, used 129039K [0x00000000eb000000, 0x00000000fca80000, 0x0000000100000000)
  eden space 201728K, 49% used [0x00000000eb000000,0x00000000f11b0740,0x00000000f7500000)
  from space 36864K, 78% used [0x00000000f9c00000,0x00000000fb8536d8,0x00000000fc000000)
  to   space 39936K, 0% used [0x00000000f7500000,0x00000000f7500000,0x00000000f9c00000)
 ParOldGen       total 116224K, used 63273K [0x00000000c1000000, 0x00000000c8180000, 0x00000000eb000000)
  object space 116224K, 54% used [0x00000000c1000000,0x00000000c4dca640,0x00000000c8180000)
 Metaspace       used 49994K, capacity 50876K, committed 51200K, reserved 1093632K
  class space    used 6223K, capacity 6535K, committed 6656K, reserved 1048576K
Event: 33.406 GC heap after
Heap after GC invocations=15 (full 2):
 PSYoungGen      total 241664K, used 13721K [0x00000000eb000000, 0x00000000ffa80000, 0x0000000100000000)
  eden space 201728K, 0% used [0x00000000eb000000,0x00000000eb000000,0x00000000f7500000)
  from space 39936K, 34% used [0x00000000f7500000,0x00000000f82664c0,0x00000000f9c00000)
  to   space 37888K, 0% used [0x00000000fd580000,0x00000000fd580000,0x00000000ffa80000)
 ParOldGen       total 116224K, used 66759K [0x00000000c1000000, 0x00000000c8180000, 0x00000000eb000000)
  object space 116224K, 57% used [0x00000000c1000000,0x00000000c5131ec8,0x00000000c8180000)
 Metaspace       used 49994K, capacity 50876K, committed 51200K, reserved 1093632K
  class space    used 6223K, capacity 6535K, committed 6656K, reserved 1048576K
}
Event: 33.406 GC heap before
{Heap before GC invocations=16 (full 3):
 PSYoungGen      total 241664K, used 13721K [0x00000000eb000000, 0x00000000ffa80000, 0x0000000100000000)
  eden space 201728K, 0% used [0x00000000eb000000,0x00000000eb000000,0x00000000f7500000)
  from space 39936K, 34% used [0x00000000f7500000,0x00000000f82664c0,0x00000000f9c00000)
  to   space 37888K, 0% used [0x00000000fd580000,0x00000000fd580000,0x00000000ffa80000)
 ParOldGen       total 116224K, used 66759K [0x00000000c1000000, 0x00000000c8180000, 0x00000000eb000000)
  object space 116224K, 57% used [0x00000000c1000000,0x00000000c5131ec8,0x00000000c8180000)
 Metaspace       used 49994K, capacity 50876K, committed 51200K, reserved 1093632K
  class space    used 6223K, capacity 6535K, committed 6656K, reserved 1048576K
Event: 33.687 GC heap after
Heap after GC invocations=16 (full 3):
 PSYoungGen      total 241664K, used 0K [0x00000000eb000000, 0x00000000ffa80000, 0x0000000100000000)
  eden space 201728K, 0% used [0x00000000eb000000,0x00000000eb000000,0x00000000f7500000)
  from space 39936K, 0% used [0x00000000f7500000,0x00000000f7500000,0x00000000f9c00000)
  to   space 37888K, 0% used [0x00000000fd580000,0x00000000fd580000,0x00000000ffa80000)
 ParOldGen       total 99328K, used 38242K [0x00000000c1000000, 0x00000000c7100000, 0x00000000eb000000)
  object space 99328K, 38% used [0x00000000c1000000,0x00000000c35589f8,0x00000000c7100000)
 Metaspace       used 49994K, capacity 50876K, committed 51200K, reserved 1093632K
  class space    used 6223K, capacity 6535K, committed 6656K, reserved 1048576K
}

