# JRE version: Java(TM) SE Runtime Environment (8.0_121-b13) (build 1.8.0_121-b13)
# Java VM: Java HotSpot(TM) 64-Bit Server VM (25.121-b13 mixed mode windows-amd64 compressed oops)
Heap:
 PSYoungGen      total 167424K, used 154077K [0x00000000eb000000, 0x00000000f7880000, 0x0000000100000000)
  eden space 137728K, 92% used [0x00000000eb000000,0x00000000f2c2d910,0x00000000f3680000)
  from space 29696K, 90% used [0x00000000f5700000,0x00000000f7149ba0,0x00000000f7400000)
  to   space 33280K, 0% used [0x00000000f3680000,0x00000000f3680000,0x00000000f5700000)
 ParOldGen       total 88576K, used 50063K [0x00000000c1000000, 0x00000000c6680000, 0x00000000eb000000)
  object space 88576K, 56% used [0x00000000c1000000,0x00000000c40e3d50,0x00000000c6680000)
 Metaspace       used 45590K, capacity 46370K, committed 46720K, reserved 1089536K
  class space    used 5689K, capacity 5932K, committed 6016K, reserved 1048576K
GC Heap History (10 events):
Event: 39.053 GC heap before
{Heap before GC invocations=12 (full 1):
 PSYoungGen      total 88576K, used 86404K [0x00000000eb000000, 0x00000000f1500000, 0x0000000100000000)
  eden space 76800K, 100% used [0x00000000eb000000,0x00000000efb00000,0x00000000efb00000)
  from space 11776K, 81% used [0x00000000f0980000,0x00000000f12e1270,0x00000000f1500000)
  to   space 13312K, 0% used [0x00000000efb00000,0x00000000efb00000,0x00000000f0800000)
 ParOldGen       total 48640K, used 19381K [0x00000000c1000000, 0x00000000c3f80000, 0x00000000eb000000)
  object space 48640K, 39% used [0x00000000c1000000,0x00000000c22ed4e8,0x00000000c3f80000)
 Metaspace       used 29028K, capacity 29796K, committed 30080K, reserved 1075200K
  class space    used 3440K, capacity 3684K, committed 3712K, reserved 1048576K
Event: 39.101 GC heap after
Heap after GC invocations=12 (full 1):
 PSYoungGen      total 90112K, used 13303K [0x00000000eb000000, 0x00000000f3500000, 0x0000000100000000)
  eden space 76800K, 0% used [0x00000000eb000000,0x00000000eb000000,0x00000000efb00000)
  from space 13312K, 99% used [0x00000000efb00000,0x00000000f07fdea8,0x00000000f0800000)
  to   space 16384K, 0% used [0x00000000f2500000,0x00000000f2500000,0x00000000f3500000)
 ParOldGen       total 48640K, used 23140K [0x00000000c1000000, 0x00000000c3f80000, 0x00000000eb000000)
  object space 48640K, 47% used [0x00000000c1000000,0x00000000c2699358,0x00000000c3f80000)
 Metaspace       used 29028K, capacity 29796K, committed 30080K, reserved 1075200K
  class space    used 3440K, capacity 3684K, committed 3712K, reserved 1048576K
}
Event: 39.906 GC heap before
{Heap before GC invocations=13 (full 1):
 PSYoungGen      total 90112K, used 90101K [0x00000000eb000000, 0x00000000f3500000, 0x0000000100000000)
  eden space 76800K, 99% used [0x00000000eb000000,0x00000000efaff760,0x00000000efb00000)
  from space 13312K, 99% used [0x00000000efb00000,0x00000000f07fdea8,0x00000000f0800000)
  to   space 16384K, 0% used [0x00000000f2500000,0x00000000f2500000,0x00000000f3500000)
 ParOldGen       total 48640K, used 25271K [0x00000000c1000000, 0x00000000c3f80000, 0x00000000eb000000)
  object space 48640K, 51% used [0x00000000c1000000,0x00000000c28add38,0x00000000c3f80000)
 Metaspace       used 29035K, capacity 29796K, committed 30080K, reserved 1075200K
  class space    used 3440K, capacity 3684K, committed 3712K, reserved 1048576K
Event: 39.988 GC heap after
Heap after GC invocations=13 (full 1):
 PSYoungGen      total 113152K, used 16356K [0x00000000eb000000, 0x00000000f4880000, 0x0000000100000000)
  eden space 96768K, 0% used [0x00000000eb000000,0x00000000eb000000,0x00000000f0e80000)
  from space 16384K, 99% used [0x00000000f2500000,0x00000000f34f9160,0x00000000f3500000)
  to   space 23040K, 0% used [0x00000000f0e80000,0x00000000f0e80000,0x00000000f2500000)
 ParOldGen       total 48640K, used 36553K [0x00000000c1000000, 0x00000000c3f80000, 0x00000000eb000000)
  object space 48640K, 75% used [0x00000000c1000000,0x00000000c33b24e0,0x00000000c3f80000)
 Metaspace       used 29035K, capacity 29796K, committed 30080K, reserved 1075200K
  class space    used 3440K, capacity 3684K, committed 3712K, reserved 1048576K
}
Event: 41.360 GC heap before
{Heap before GC invocations=14 (full 1):
 PSYoungGen      total 113152K, used 113124K [0x00000000eb000000, 0x00000000f4880000, 0x0000000100000000)
  eden space 96768K, 100% used [0x00000000eb000000,0x00000000f0e80000,0x00000000f0e80000)
  from space 16384K, 99% used [0x00000000f2500000,0x00000000f34f9160,0x00000000f3500000)
  to   space 23040K, 0% used [0x00000000f0e80000,0x00000000f0e80000,0x00000000f2500000)
 ParOldGen       total 48640K, used 36562K [0x00000000c1000000, 0x00000000c3f80000, 0x00000000eb000000)
  object space 48640K, 75% used [0x00000000c1000000,0x00000000c33b4a60,0x00000000c3f80000)
 Metaspace       used 29051K, capacity 29796K, committed 30080K, reserved 1075200K
  class space    used 3441K, capacity 3684K, committed 3712K, reserved 1048576K
Event: 41.459 GC heap after
Heap after GC invocations=14 (full 1):
 PSYoungGen      total 119808K, used 23015K [0x00000000eb000000, 0x00000000f7400000, 0x0000000100000000)
  eden space 96768K, 0% used [0x00000000eb000000,0x00000000eb000000,0x00000000f0e80000)
  from space 23040K, 99% used [0x00000000f0e80000,0x00000000f24f9eb8,0x00000000f2500000)
  to   space 29696K, 0% used [0x00000000f5700000,0x00000000f5700000,0x00000000f7400000)
 ParOldGen       total 48640K, used 45265K [0x00000000c1000000, 0x00000000c3f80000, 0x00000000eb000000)
  object space 48640K, 93% used [0x00000000c1000000,0x00000000c3c34480,0x00000000c3f80000)
 Metaspace       used 29051K, capacity 29796K, committed 30080K, reserved 1075200K
  class space    used 3441K, capacity 3684K, committed 3712K, reserved 1048576K
}
Event: 41.459 GC heap before
{Heap before GC invocations=15 (full 2):
 PSYoungGen      total 119808K, used 23015K [0x00000000eb000000, 0x00000000f7400000, 0x0000000100000000)
  eden space 96768K, 0% used [0x00000000eb000000,0x00000000eb000000,0x00000000f0e80000)
  from space 23040K, 99% used [0x00000000f0e80000,0x00000000f24f9eb8,0x00000000f2500000)
  to   space 29696K, 0% used [0x00000000f5700000,0x00000000f5700000,0x00000000f7400000)
 ParOldGen       total 48640K, used 45265K [0x00000000c1000000, 0x00000000c3f80000, 0x00000000eb000000)
  object space 48640K, 93% used [0x00000000c1000000,0x00000000c3c34480,0x00000000c3f80000)
 Metaspace       used 29051K, capacity 29796K, committed 30080K, reserved 1075200K
  class space    used 3441K, capacity 3684K, committed 3712K, reserved 1048576K
Event: 41.826 GC heap after
Heap after GC invocations=15 (full 2):
 PSYoungGen      total 119808K, used 1949K [0x00000000eb000000, 0x00000000f7400000, 0x0000000100000000)
  eden space 96768K, 0% used [0x00000000eb000000,0x00000000eb000000,0x00000000f0e80000)
  from space 23040K, 8% used [0x00000000f0e80000,0x00000000f1067698,0x00000000f2500000)
  to   space 29696K, 0% used [0x00000000f5700000,0x00000000f5700000,0x00000000f7400000)
 ParOldGen       total 88576K, used 48330K [0x00000000c1000000, 0x00000000c6680000, 0x00000000eb000000)
  object space 88576K, 54% used [0x00000000c1000000,0x00000000c3f32a60,0x00000000c6680000)
 Metaspace       used 29051K, capacity 29796K, committed 30080K, reserved 1075200K
  class space    used 3441K, capacity 3684K, committed 3712K, reserved 1048576K
}
Event: 44.951 GC heap before
{Heap before GC invocations=16 (full 2):
 PSYoungGen      total 119808K, used 98717K [0x00000000eb000000, 0x00000000f7400000, 0x0000000100000000)
  eden space 96768K, 100% used [0x00000000eb000000,0x00000000f0e80000,0x00000000f0e80000)
  from space 23040K, 8% used [0x00000000f0e80000,0x00000000f1067698,0x00000000f2500000)
  to   space 29696K, 0% used [0x00000000f5700000,0x00000000f5700000,0x00000000f7400000)
 ParOldGen       total 88576K, used 48364K [0x00000000c1000000, 0x00000000c6680000, 0x00000000eb000000)
  object space 88576K, 54% used [0x00000000c1000000,0x00000000c3f3b008,0x00000000c6680000)
 Metaspace       used 32182K, capacity 32984K, committed 33152K, reserved 1079296K
  class space    used 3858K, capacity 4101K, committed 4224K, reserved 1048576K
Event: 45.008 GC heap after
Heap after GC invocations=16 (full 2):
 PSYoungGen      total 167424K, used 26918K [0x00000000eb000000, 0x00000000f7880000, 0x0000000100000000)
  eden space 137728K, 0% used [0x00000000eb000000,0x00000000eb000000,0x00000000f3680000)
  from space 29696K, 90% used [0x00000000f5700000,0x00000000f7149ba0,0x00000000f7400000)
  to   space 33280K, 0% used [0x00000000f3680000,0x00000000f3680000,0x00000000f5700000)
 ParOldGen       total 88576K, used 50063K [0x00000000c1000000, 0x00000000c6680000, 0x00000000eb000000)
  object space 88576K, 56% used [0x00000000c1000000,0x00000000c40e3d50,0x00000000c6680000)
 Metaspace       used 32182K, capacity 32984K, committed 33152K, reserved 1079296K
  class space    used 3858K, capacity 4101K, committed 4224K, reserved 1048576K
}

