# JRE version: Java(TM) SE Runtime Environment (8.0_121-b13) (build 1.8.0_121-b13)
# Java VM: Java HotSpot(TM) 64-Bit Server VM (25.121-b13 mixed mode windows-amd64 compressed oops)
Heap:
 PSYoungGen      total 175616K, used 102151K [0x00000000eb000000, 0x00000000f8500000, 0x0000000100000000)
  eden space 160768K, 54% used [0x00000000eb000000,0x00000000f05437f8,0x00000000f4d00000)
  from space 14848K, 99% used [0x00000000f6380000,0x00000000f71fe558,0x00000000f7200000)
  to   space 23040K, 0% used [0x00000000f4d00000,0x00000000f4d00000,0x00000000f6380000)
 ParOldGen       total 47104K, used 35050K [0x00000000c1000000, 0x00000000c3e00000, 0x00000000eb000000)
  object space 47104K, 74% used [0x00000000c1000000,0x00000000c323a9e8,0x00000000c3e00000)
 Metaspace       used 29615K, capacity 30404K, committed 30720K, reserved 1077248K
  class space    used 3475K, capacity 3716K, committed 3840K, reserved 1048576K
GC Heap History (10 events):
Event: 15.860 GC heap before
{Heap before GC invocations=7 (full 0):
 PSYoungGen      total 73216K, used 70832K [0x00000000eb000000, 0x00000000eff00000, 0x0000000100000000)
  eden space 65536K, 100% used [0x00000000eb000000,0x00000000ef000000,0x00000000ef000000)
  from space 7680K, 68% used [0x00000000ef780000,0x00000000efcac010,0x00000000eff00000)
  to   space 7680K, 0% used [0x00000000ef000000,0x00000000ef000000,0x00000000ef780000)
 ParOldGen       total 44032K, used 10727K [0x00000000c1000000, 0x00000000c3b00000, 0x00000000eb000000)
  object space 44032K, 24% used [0x00000000c1000000,0x00000000c1a79fa8,0x00000000c3b00000)
 Metaspace       used 20464K, capacity 20954K, committed 21120K, reserved 1067008K
  class space    used 2493K, capacity 2617K, committed 2688K, reserved 1048576K
Event: 15.900 GC heap after
Heap after GC invocations=7 (full 0):
 PSYoungGen      total 73216K, used 7659K [0x00000000eb000000, 0x00000000f4300000, 0x0000000100000000)
  eden space 65536K, 0% used [0x00000000eb000000,0x00000000eb000000,0x00000000ef000000)
  from space 7680K, 99% used [0x00000000ef000000,0x00000000ef77ac20,0x00000000ef780000)
  to   space 9728K, 0% used [0x00000000f3980000,0x00000000f3980000,0x00000000f4300000)
 ParOldGen       total 44032K, used 12373K [0x00000000c1000000, 0x00000000c3b00000, 0x00000000eb000000)
  object space 44032K, 28% used [0x00000000c1000000,0x00000000c1c15750,0x00000000c3b00000)
 Metaspace       used 20464K, capacity 20954K, committed 21120K, reserved 1067008K
  class space    used 2493K, capacity 2617K, committed 2688K, reserved 1048576K
}
Event: 17.772 GC heap before
{Heap before GC invocations=8 (full 0):
 PSYoungGen      total 73216K, used 22878K [0x00000000eb000000, 0x00000000f4300000, 0x0000000100000000)
  eden space 65536K, 23% used [0x00000000eb000000,0x00000000ebedcd98,0x00000000ef000000)
  from space 7680K, 99% used [0x00000000ef000000,0x00000000ef77ac20,0x00000000ef780000)
  to   space 9728K, 0% used [0x00000000f3980000,0x00000000f3980000,0x00000000f4300000)
 ParOldGen       total 44032K, used 12373K [0x00000000c1000000, 0x00000000c3b00000, 0x00000000eb000000)
  object space 44032K, 28% used [0x00000000c1000000,0x00000000c1c15750,0x00000000c3b00000)
 Metaspace       used 20649K, capacity 21082K, committed 21296K, reserved 1069056K
  class space    used 2506K, capacity 2617K, committed 2688K, reserved 1048576K
Event: 17.800 GC heap after
Heap after GC invocations=8 (full 0):
 PSYoungGen      total 137728K, used 9703K [0x00000000eb000000, 0x00000000f4900000, 0x0000000100000000)
  eden space 128000K, 0% used [0x00000000eb000000,0x00000000eb000000,0x00000000f2d00000)
  from space 9728K, 99% used [0x00000000f3980000,0x00000000f42f9e48,0x00000000f4300000)
  to   space 12800K, 0% used [0x00000000f2d00000,0x00000000f2d00000,0x00000000f3980000)
 ParOldGen       total 44032K, used 16837K [0x00000000c1000000, 0x00000000c3b00000, 0x00000000eb000000)
  object space 44032K, 38% used [0x00000000c1000000,0x00000000c2071730,0x00000000c3b00000)
 Metaspace       used 20649K, capacity 21082K, committed 21296K, reserved 1069056K
  class space    used 2506K, capacity 2617K, committed 2688K, reserved 1048576K
}
Event: 17.800 GC heap before
{Heap before GC invocations=9 (full 1):
 PSYoungGen      total 137728K, used 9703K [0x00000000eb000000, 0x00000000f4900000, 0x0000000100000000)
  eden space 128000K, 0% used [0x00000000eb000000,0x00000000eb000000,0x00000000f2d00000)
  from space 9728K, 99% used [0x00000000f3980000,0x00000000f42f9e48,0x00000000f4300000)
  to   space 12800K, 0% used [0x00000000f2d00000,0x00000000f2d00000,0x00000000f3980000)
 ParOldGen       total 44032K, used 16837K [0x00000000c1000000, 0x00000000c3b00000, 0x00000000eb000000)
  object space 44032K, 38% used [0x00000000c1000000,0x00000000c2071730,0x00000000c3b00000)
 Metaspace       used 20649K, capacity 21082K, committed 21296K, reserved 1069056K
  class space    used 2506K, capacity 2617K, committed 2688K, reserved 1048576K
Event: 17.946 GC heap after
Heap after GC invocations=9 (full 1):
 PSYoungGen      total 137728K, used 0K [0x00000000eb000000, 0x00000000f4900000, 0x0000000100000000)
  eden space 128000K, 0% used [0x00000000eb000000,0x00000000eb000000,0x00000000f2d00000)
  from space 9728K, 0% used [0x00000000f3980000,0x00000000f3980000,0x00000000f4300000)
  to   space 12800K, 0% used [0x00000000f2d00000,0x00000000f2d00000,0x00000000f3980000)
 ParOldGen       total 47104K, used 18457K [0x00000000c1000000, 0x00000000c3e00000, 0x00000000eb000000)
  object space 47104K, 39% used [0x00000000c1000000,0x00000000c22067c0,0x00000000c3e00000)
 Metaspace       used 20649K, capacity 21082K, committed 21296K, reserved 1069056K
  class space    used 2506K, capacity 2617K, committed 2688K, reserved 1048576K
}
Event: 45.765 GC heap before
{Heap before GC invocations=10 (full 1):
 PSYoungGen      total 137728K, used 128000K [0x00000000eb000000, 0x00000000f4900000, 0x0000000100000000)
  eden space 128000K, 100% used [0x00000000eb000000,0x00000000f2d00000,0x00000000f2d00000)
  from space 9728K, 0% used [0x00000000f3980000,0x00000000f3980000,0x00000000f4300000)
  to   space 12800K, 0% used [0x00000000f2d00000,0x00000000f2d00000,0x00000000f3980000)
 ParOldGen       total 47104K, used 18457K [0x00000000c1000000, 0x00000000c3e00000, 0x00000000eb000000)
  object space 47104K, 39% used [0x00000000c1000000,0x00000000c22067c0,0x00000000c3e00000)
 Metaspace       used 27630K, capacity 28382K, committed 28672K, reserved 1075200K
  class space    used 3271K, capacity 3490K, committed 3584K, reserved 1048576K
Event: 45.791 GC heap after
Heap after GC invocations=10 (full 1):
 PSYoungGen      total 140800K, used 12395K [0x00000000eb000000, 0x00000000f7200000, 0x0000000100000000)
  eden space 128000K, 0% used [0x00000000eb000000,0x00000000eb000000,0x00000000f2d00000)
  from space 12800K, 96% used [0x00000000f2d00000,0x00000000f391ae28,0x00000000f3980000)
  to   space 14848K, 0% used [0x00000000f6380000,0x00000000f6380000,0x00000000f7200000)
 ParOldGen       total 47104K, used 18465K [0x00000000c1000000, 0x00000000c3e00000, 0x00000000eb000000)
  object space 47104K, 39% used [0x00000000c1000000,0x00000000c22087c0,0x00000000c3e00000)
 Metaspace       used 27630K, capacity 28382K, committed 28672K, reserved 1075200K
  class space    used 3271K, capacity 3490K, committed 3584K, reserved 1048576K
}
Event: 51.040 GC heap before
{Heap before GC invocations=11 (full 1):
 PSYoungGen      total 140800K, used 140395K [0x00000000eb000000, 0x00000000f7200000, 0x0000000100000000)
  eden space 128000K, 100% used [0x00000000eb000000,0x00000000f2d00000,0x00000000f2d00000)
  from space 12800K, 96% used [0x00000000f2d00000,0x00000000f391ae28,0x00000000f3980000)
  to   space 14848K, 0% used [0x00000000f6380000,0x00000000f6380000,0x00000000f7200000)
 ParOldGen       total 47104K, used 18465K [0x00000000c1000000, 0x00000000c3e00000, 0x00000000eb000000)
  object space 47104K, 39% used [0x00000000c1000000,0x00000000c22087c0,0x00000000c3e00000)
 Metaspace       used 29594K, capacity 30340K, committed 30720K, reserved 1077248K
  class space    used 3473K, capacity 3716K, committed 3840K, reserved 1048576K
Event: 51.126 GC heap after
Heap after GC invocations=11 (full 1):
 PSYoungGen      total 175616K, used 14841K [0x00000000eb000000, 0x00000000f8500000, 0x0000000100000000)
  eden space 160768K, 0% used [0x00000000eb000000,0x00000000eb000000,0x00000000f4d00000)
  from space 14848K, 99% used [0x00000000f6380000,0x00000000f71fe558,0x00000000f7200000)
  to   space 23040K, 0% used [0x00000000f4d00000,0x00000000f4d00000,0x00000000f6380000)
 ParOldGen       total 47104K, used 35050K [0x00000000c1000000, 0x00000000c3e00000, 0x00000000eb000000)
  object space 47104K, 74% used [0x00000000c1000000,0x00000000c323a9e8,0x00000000c3e00000)
 Metaspace       used 29594K, capacity 30340K, committed 30720K, reserved 1077248K
  class space    used 3473K, capacity 3716K, committed 3840K, reserved 1048576K
}

